<?xml version="1.0" encoding="UTF-8" ?>
<testsuite errors="1" failures="0" hostname="localhost" name="junit.test.BmtDAOTest" skipped="0" tests="1" time="0.0" timestamp="2014-01-23T20:45:20">
  <properties>
    <property name="java.vendor" value="Oracle Corporation" />
    <property name="env.SESSION_MANAGER" value="local/unix:@/tmp/.ICE-unix/3955,unix/unix:/tmp/.ICE-unix/3955" />
    <property name="env.LESSOPEN" value="||/usr/bin/lesspipe.sh %s" />
    <property name="sun.java.launcher" value="SUN_STANDARD" />
    <property name="env.QT_IM_MODULE" value="ibus" />
    <property name="sun.management.compiler" value="HotSpot 64-Bit Tiered Compilers" />
    <property name="os.name" value="Linux" />
    <property name="sun.boot.class.path" value="/usr/java/jdk1.7.0_45/jre/lib/resources.jar:/usr/java/jdk1.7.0_45/jre/lib/rt.jar:/usr/java/jdk1.7.0_45/jre/lib/sunrsasign.jar:/usr/java/jdk1.7.0_45/jre/lib/jsse.jar:/usr/java/jdk1.7.0_45/jre/lib/jce.jar:/usr/java/jdk1.7.0_45/jre/lib/charsets.jar:/usr/java/jdk1.7.0_45/jre/lib/jfr.jar:/usr/java/jdk1.7.0_45/jre/classes" />
    <property name="env.PWD" value="/home/manoharanthambi/workspace/ejb/EJB3/book-source/sourcecode/BMT" />
    <property name="sun.desktop" value="gnome" />
    <property name="env.LANG" value="en_US.utf8" />
    <property name="java.vm.specification.vendor" value="Oracle Corporation" />
    <property name="env.XDG_MENU_PREFIX" value="gnome-" />
    <property name="ant.home" value="/home/manoharanthambi/Downloads/apache-ant-1.9.2" />
    <property name="java.runtime.version" value="1.7.0_45-b18" />
    <property name="env.HISTSIZE" value="1000" />
    <property name="env.XDG_VTNR" value="1" />
    <property name="env.DISPLAY" value=":0" />
    <property name="env.QT_GRAPHICSSYSTEM_CHECKED" value="1" />
    <property name="env.GJS_DEBUG_TOPICS" value="JS ERROR;JS LOG" />
    <property name="env.WINEARCH" value="win64" />
    <property name="user.name" value="manoharanthambi" />
    <property name="env.USER" value="manoharanthambi" />
    <property name="env.HISTCONTROL" value="ignoredups" />
    <property name="env.SHELL" value="/bin/bash" />
    <property name="env.QTLIB" value="/usr/lib64/qt-3.3/lib" />
    <property name="env.DESKTOP_SESSION" value="gnome" />
    <property name="env.NLSPATH" value="/usr/dt/lib/nls/msg/%L/%N.cat" />
    <property name="env.GJS_DEBUG_OUTPUT" value="stderr" />
    <property name="build.dir" value="/home/manoharanthambi/workspace/ejb/EJB3/book-source/sourcecode/BMT/build" />
    <property name="env.PATH" value="/usr/lib64/qt-3.3/bin:/usr/local/bin:/usr/bin:/bin:/usr/local/sbin:/usr/sbin:/home/manoharanthambi/.local/bin:/home/manoharanthambi/bin:/usr/java/jdk1.7.0_45/bin:/home/manoharanthambi/Downloads/apache-ant-1.9.2/bin:/home/manoharanthambi/Downloads/apache-maven-3.1.1/bin:/home/manoharanthambi/Downloads/apache-tomcat-6.0.37/bin:/home/manoharanthambi/Downloads/axis2-1.4.1/bin:/home/manoharanthambi/Downloads/jboss-5.1.0.GA/bin" />
    <property name="user.language" value="en" />
    <property name="test.report.dir" value="/home/manoharanthambi/workspace/ejb/EJB3/book-source/sourcecode/BMT/testreport" />
    <property name="sun.boot.library.path" value="/usr/java/jdk1.7.0_45/jre/lib/amd64" />
    <property name="env.QT_PLUGIN_PATH" value="/usr/lib64/kde4/plugins:/usr/lib/kde4/plugins" />
    <property name="ant.file.type.Ant-Test" value="file" />
    <property name="ant.project.default-target" value="main" />
    <property name="ant.project.name" value="Ant-Test" />
    <property name="java.version" value="1.7.0_45" />
    <property name="env.AXIS2_HOME" value="/home/manoharanthambi/Downloads/axis2-1.4.1" />
    <property name="user.timezone" value="" />
    <property name="env.DBUS_SESSION_BUS_ADDRESS" value="unix:abstract=/tmp/dbus-mLmpTZFESb,guid=b500a74e11d101adec1d5e5652e15418" />
    <property name="sun.arch.data.model" value="64" />
    <property name="java.endorsed.dirs" value="/usr/java/jdk1.7.0_45/jre/lib/endorsed" />
    <property name="sun.cpu.isalist" value="" />
    <property name="sun.jnu.encoding" value="UTF-8" />
    <property name="file.encoding.pkg" value="sun.io" />
    <property name="env.SHLVL" value="2" />
    <property name="file.separator" value="/" />
    <property name="env.HOSTNAME" value="manoharanthambi" />
    <property name="java.specification.name" value="Java Platform API Specification" />
    <property name="env.QTDIR" value="/usr/lib64/qt-3.3" />
    <property name="env.GNOME_DESKTOP_SESSION_ID" value="this-is-deprecated" />
    <property name="java.class.version" value="51.0" />
    <property name="env.GDMSESSION" value="gnome" />
    <property name="user.country" value="US" />
    <property name="env.GNOME_KEYRING_PID" value="3911" />
    <property name="java.home" value="/usr/java/jdk1.7.0_45/jre" />
    <property name="java.vm.info" value="mixed mode" />
    <property name="env.TOMCAT_HOME" value="/home/manoharanthambi/Downloads/apache-tomcat-6.0.37" />
    <property name="env.LOGNAME" value="manoharanthambi" />
    <property name="ant.file" value="/home/manoharanthambi/workspace/ejb/EJB3/book-source/sourcecode/BMT/junit-build.xml" />
    <property name="os.version" value="3.12.8-300.fc20.x86_64" />
    <property name="path.separator" value=":" />
    <property name="java.vm.version" value="24.45-b08" />
    <property name="env.QTINC" value="/usr/lib64/qt-3.3/include" />
    <property name="ant.library.dir" value="/home/manoharanthambi/Downloads/apache-ant-1.9.2/lib" />
    <property name="env.JAVA_HOME" value="/usr/java/jdk1.7.0_45" />
    <property name="java.awt.printerjob" value="sun.print.PSPrinterJob" />
    <property name="env.TERM" value="xterm-256color" />
    <property name="sun.io.unicode.encoding" value="UnicodeLittle" />
    <property name="env.WINDOWPATH" value="1" />
    <property name="awt.toolkit" value="sun.awt.X11.XToolkit" />
    <property name="env.XMODIFIERS" value="@im=ibus" />
    <property name="env.GDM_LANG" value="en_US.utf8" />
    <property name="user.home" value="/home/manoharanthambi" />
    <property name="java.specification.vendor" value="Oracle Corporation" />
    <property name="env.WINDOWID" value="39845898" />
    <property name="test.dir" value="/home/manoharanthambi/workspace/ejb/EJB3/book-source/sourcecode/BMT/src" />
    <property name="env.VTE_VERSION" value="3409" />
    <property name="java.vendor.url" value="http://java.oracle.com/" />
    <property name="java.library.path" value="/usr/java/packages/lib/amd64:/usr/lib64:/lib64:/lib:/usr/lib" />
    <property name="jboss.home" value="/home/manoharanthambi/Downloads/jboss-5.1.0.GA" />
    <property name="ant.file.Ant-Test" value="/home/manoharanthambi/workspace/ejb/EJB3/book-source/sourcecode/BMT/junit-build.xml" />
    <property name="env.WINEPREFIX" value="/home/manoharanthambi/.wine" />
    <property name="java.vm.vendor" value="Oracle Corporation" />
    <property name="env.XDG_SEAT" value="seat0" />
    <property name="java.runtime.name" value="Java(TM) SE Runtime Environment" />
    <property name="java.class.path" value="/home/manoharanthambi/workspace/ejb/EJB3/book-source/sourcecode/BMT/build:/home/manoharanthambi/Downloads/apache-ant-1.9.2/lib/junit-4.11.jar:/home/manoharanthambi/Downloads/apache-ant-1.9.2/lib/ant-launcher.jar:/home/manoharanthambi/Downloads/apache-ant-1.9.2/lib/ant.jar:/home/manoharanthambi/Downloads/apache-ant-1.9.2/lib/ant-junit.jar:/home/manoharanthambi/Downloads/apache-ant-1.9.2/lib/ant-junit4.jar" />
    <property name="sun.java.command" value="org.apache.tools.ant.taskdefs.optional.junit.JUnitTestRunner junit.test.BmtDAOTest filtertrace=true haltOnError=false haltOnFailure=true formatter=org.apache.tools.ant.taskdefs.optional.junit.SummaryJUnitResultFormatter showoutput=false outputtoformatters=true logfailedtests=true logtestlistenerevents=false formatter=org.apache.tools.ant.taskdefs.optional.junit.XMLJUnitResultFormatter,/home/manoharanthambi/workspace/ejb/EJB3/book-source/sourcecode/BMT/testreport/TEST-junit.test.BmtDAOTest.xml crashfile=/home/manoharanthambi/workspace/ejb/EJB3/book-source/sourcecode/BMT/junitvmwatcher8639735411165223446.properties propsfile=/home/manoharanthambi/workspace/ejb/EJB3/book-source/sourcecode/BMT/junit7559272837351207012.properties" />
    <property name="ant.version" value="Apache Ant(TM) version 1.9.2 compiled on July 8 2013" />
    <property name="env.XDG_SESSION_ID" value="2" />
    <property name="env.JBOSS_HOME" value="/home/manoharanthambi/Downloads/jboss-5.1.0.GA" />
    <property name="env.CVS_RSH" value="ssh" />
    <property name="env.XFILESEARCHPATH" value="/usr/dt/app-defaults/%L/Dt" />
    <property name="java.vm.specification.name" value="Java Virtual Machine Specification" />
    <property name="ant.file.type" value="file" />
    <property name="java.vm.specification.version" value="1.7" />
    <property name="sun.os.patch.level" value="unknown" />
    <property name="sun.cpu.endian" value="little" />
    <property name="env.HOME" value="/home/manoharanthambi" />
    <property name="env.ANT_HOME" value="/home/manoharanthambi/Downloads/apache-ant-1.9.2" />
    <property name="java.io.tmpdir" value="/tmp" />
    <property name="env.LS_COLORS" value="rs=0:di=38;5;27:ln=38;5;51:mh=44;38;5;15:pi=40;38;5;11:so=38;5;13:do=38;5;5:bd=48;5;232;38;5;11:cd=48;5;232;38;5;3:or=48;5;232;38;5;9:mi=05;48;5;232;38;5;15:su=48;5;196;38;5;15:sg=48;5;11;38;5;16:ca=48;5;196;38;5;226:tw=48;5;10;38;5;16:ow=48;5;10;38;5;21:st=48;5;21;38;5;15:ex=38;5;34:*.tar=38;5;9:*.tgz=38;5;9:*.arc=38;5;9:*.arj=38;5;9:*.taz=38;5;9:*.lha=38;5;9:*.lzh=38;5;9:*.lzma=38;5;9:*.tlz=38;5;9:*.txz=38;5;9:*.tzo=38;5;9:*.t7z=38;5;9:*.zip=38;5;9:*.z=38;5;9:*.Z=38;5;9:*.dz=38;5;9:*.gz=38;5;9:*.lrz=38;5;9:*.lz=38;5;9:*.lzo=38;5;9:*.xz=38;5;9:*.bz2=38;5;9:*.bz=38;5;9:*.tbz=38;5;9:*.tbz2=38;5;9:*.tz=38;5;9:*.deb=38;5;9:*.rpm=38;5;9:*.jar=38;5;9:*.war=38;5;9:*.ear=38;5;9:*.sar=38;5;9:*.rar=38;5;9:*.alz=38;5;9:*.ace=38;5;9:*.zoo=38;5;9:*.cpio=38;5;9:*.7z=38;5;9:*.rz=38;5;9:*.cab=38;5;9:*.jpg=38;5;13:*.jpeg=38;5;13:*.gif=38;5;13:*.bmp=38;5;13:*.pbm=38;5;13:*.pgm=38;5;13:*.ppm=38;5;13:*.tga=38;5;13:*.xbm=38;5;13:*.xpm=38;5;13:*.tif=38;5;13:*.tiff=38;5;13:*.png=38;5;13:*.svg=38;5;13:*.svgz=38;5;13:*.mng=38;5;13:*.pcx=38;5;13:*.mov=38;5;13:*.mpg=38;5;13:*.mpeg=38;5;13:*.m2v=38;5;13:*.mkv=38;5;13:*.ogm=38;5;13:*.mp4=38;5;13:*.m4v=38;5;13:*.mp4v=38;5;13:*.vob=38;5;13:*.qt=38;5;13:*.nuv=38;5;13:*.wmv=38;5;13:*.asf=38;5;13:*.rm=38;5;13:*.rmvb=38;5;13:*.flc=38;5;13:*.avi=38;5;13:*.fli=38;5;13:*.flv=38;5;13:*.gl=38;5;13:*.dl=38;5;13:*.xcf=38;5;13:*.xwd=38;5;13:*.yuv=38;5;13:*.cgm=38;5;13:*.emf=38;5;13:*.axv=38;5;13:*.anx=38;5;13:*.ogv=38;5;13:*.ogx=38;5;13:*.aac=38;5;45:*.au=38;5;45:*.flac=38;5;45:*.mid=38;5;45:*.midi=38;5;45:*.mka=38;5;45:*.mp3=38;5;45:*.mpc=38;5;45:*.ogg=38;5;45:*.ra=38;5;45:*.wav=38;5;45:*.axa=38;5;45:*.oga=38;5;45:*.spx=38;5;45:*.xspf=38;5;45:" />
    <property name="java.vendor.url.bug" value="http://bugreport.sun.com/bugreport/" />
    <property name="env.SSH_AUTH_SOCK" value="/run/user/1000/keyring-vhD0YB/ssh" />
    <property name="env.KDEDIRS" value="/usr" />
    <property name="os.arch" value="amd64" />
    <property name="java.awt.graphicsenv" value="sun.awt.X11GraphicsEnvironment" />
    <property name="env.XDG_RUNTIME_DIR" value="/run/user/1000" />
    <property name="java.ext.dirs" value="/usr/java/jdk1.7.0_45/jre/lib/ext:/usr/java/packages/lib/ext" />
    <property name="user.dir" value="/home/manoharanthambi/workspace/ejb/EJB3/book-source/sourcecode/BMT" />
    <property name="env.XAUTHORITY" value="/run/gdm/auth-for-manoharanthambi-6HSgnW/database" />
    <property name="env.MAVEN_HOME" value="/home/manoharanthambi/Downloads/apache-maven-3.1.1" />
    <property name="line.separator" value="&#xa;" />
    <property name="java.vm.name" value="Java HotSpot(TM) 64-Bit Server VM" />
    <property name="env.COLORTERM" value="gnome-terminal" />
    <property name="basedir" value="/home/manoharanthambi/workspace/ejb/EJB3/book-source/sourcecode/BMT" />
    <property name="ant.java.version" value="1.7" />
    <property name="ant.core.lib" value="/home/manoharanthambi/Downloads/apache-ant-1.9.2/lib/ant.jar" />
    <property name="env.USERNAME" value="manoharanthambi" />
    <property name="env.MAIL" value="/var/spool/mail/manoharanthambi" />
    <property name="file.encoding" value="UTF-8" />
    <property name="env.GPG_AGENT_INFO" value="/run/user/1000/keyring-vhD0YB/gpg:0:1" />
    <property name="java.specification.version" value="1.7" />
    <property name="env.KDE_IS_PRELINKED" value="1" />
    <property name="env.GNOME_KEYRING_CONTROL" value="/run/user/1000/keyring-vhD0YB" />
    <property name="src.dir" value="/home/manoharanthambi/workspace/ejb/EJB3/book-source/sourcecode/BMT/src" />
    <property name="ant.project.invoked-targets" value="main" />
  </properties>
  <error message="junit.test.BmtDAOTest" type="java.lang.ClassNotFoundException">java.lang.ClassNotFoundException: junit.test.BmtDAOTest
	at java.net.URLClassLoader$1.run(URLClassLoader.java:366)
	at java.net.URLClassLoader$1.run(URLClassLoader.java:355)
	at java.security.AccessController.doPrivileged(Native Method)
	at java.net.URLClassLoader.findClass(URLClassLoader.java:354)
	at java.lang.ClassLoader.loadClass(ClassLoader.java:425)
	at sun.misc.Launcher$AppClassLoader.loadClass(Launcher.java:308)
	at java.lang.ClassLoader.loadClass(ClassLoader.java:358)
	at java.lang.Class.forName0(Native Method)
	at java.lang.Class.forName(Class.java:190)
</error>
  <system-out><![CDATA[]]></system-out>
  <system-err><![CDATA[]]></system-err>
</testsuite>
